Determining if the pthread_create exist failed with the following output:
Change Dir: /root/workspace/catkin_ws/flightmare_ws/build/position_controller/CMakeFiles/CMakeTmp

Run Build Command:"/usr/bin/make" "cmTC_e3ae2/fast"
/usr/bin/make -f CMakeFiles/cmTC_e3ae2.dir/build.make CMakeFiles/cmTC_e3ae2.dir/build
make[1]: Entering directory '/root/workspace/catkin_ws/flightmare_ws/build/position_controller/CMakeFiles/CMakeTmp'
Building C object CMakeFiles/cmTC_e3ae2.dir/CheckSymbolExists.c.o
/usr/bin/cc    -o CMakeFiles/cmTC_e3ae2.dir/CheckSymbolExists.c.o   -c /root/workspace/catkin_ws/flightmare_ws/build/position_controller/CMakeFiles/CMakeTmp/CheckSymbolExists.c
Linking C executable cmTC_e3ae2
/usr/bin/cmake -E cmake_link_script CMakeFiles/cmTC_e3ae2.dir/link.txt --verbose=1
/usr/bin/cc      -rdynamic CMakeFiles/cmTC_e3ae2.dir/CheckSymbolExists.c.o  -o cmTC_e3ae2 
CMakeFiles/cmTC_e3ae2.dir/CheckSymbolExists.c.o: In function `main':
CheckSymbolExists.c:(.text+0x1b): undefined reference to `pthread_create'
collect2: error: ld returned 1 exit status
CMakeFiles/cmTC_e3ae2.dir/build.make:97: recipe for target 'cmTC_e3ae2' failed
make[1]: *** [cmTC_e3ae2] Error 1
make[1]: Leaving directory '/root/workspace/catkin_ws/flightmare_ws/build/position_controller/CMakeFiles/CMakeTmp'
Makefile:126: recipe for target 'cmTC_e3ae2/fast' failed
make: *** [cmTC_e3ae2/fast] Error 2

File /root/workspace/catkin_ws/flightmare_ws/build/position_controller/CMakeFiles/CMakeTmp/CheckSymbolExists.c:
/* */
#include <pthread.h>

int main(int argc, char** argv)
{
  (void)argv;
#ifndef pthread_create
  return ((int*)(&pthread_create))[argc];
#else
  (void)argc;
  return 0;
#endif
}

Determining if the function pthread_create exists in the pthreads failed with the following output:
Change Dir: /root/workspace/catkin_ws/flightmare_ws/build/position_controller/CMakeFiles/CMakeTmp

Run Build Command:"/usr/bin/make" "cmTC_91059/fast"
/usr/bin/make -f CMakeFiles/cmTC_91059.dir/build.make CMakeFiles/cmTC_91059.dir/build
make[1]: Entering directory '/root/workspace/catkin_ws/flightmare_ws/build/position_controller/CMakeFiles/CMakeTmp'
Building C object CMakeFiles/cmTC_91059.dir/CheckFunctionExists.c.o
/usr/bin/cc   -DCHECK_FUNCTION_EXISTS=pthread_create   -o CMakeFiles/cmTC_91059.dir/CheckFunctionExists.c.o   -c /usr/share/cmake-3.10/Modules/CheckFunctionExists.c
Linking C executable cmTC_91059
/usr/bin/cmake -E cmake_link_script CMakeFiles/cmTC_91059.dir/link.txt --verbose=1
/usr/bin/cc  -DCHECK_FUNCTION_EXISTS=pthread_create    -rdynamic CMakeFiles/cmTC_91059.dir/CheckFunctionExists.c.o  -o cmTC_91059 -lpthreads 
/usr/bin/ld: cannot find -lpthreads
collect2: error: ld returned 1 exit status
CMakeFiles/cmTC_91059.dir/build.make:97: recipe for target 'cmTC_91059' failed
make[1]: *** [cmTC_91059] Error 1
make[1]: Leaving directory '/root/workspace/catkin_ws/flightmare_ws/build/position_controller/CMakeFiles/CMakeTmp'
Makefile:126: recipe for target 'cmTC_91059/fast' failed
make: *** [cmTC_91059/fast] Error 2


