Determining if the pthread_create exist failed with the following output:
Change Dir: /root/workspace/catkin_ws/flightmare_ws/build/quadrotor_common/CMakeFiles/CMakeTmp

Run Build Command:"/usr/bin/make" "cmTC_04e0c/fast"
/usr/bin/make -f CMakeFiles/cmTC_04e0c.dir/build.make CMakeFiles/cmTC_04e0c.dir/build
make[1]: Entering directory '/root/workspace/catkin_ws/flightmare_ws/build/quadrotor_common/CMakeFiles/CMakeTmp'
Building C object CMakeFiles/cmTC_04e0c.dir/CheckSymbolExists.c.o
/usr/bin/cc    -o CMakeFiles/cmTC_04e0c.dir/CheckSymbolExists.c.o   -c /root/workspace/catkin_ws/flightmare_ws/build/quadrotor_common/CMakeFiles/CMakeTmp/CheckSymbolExists.c
Linking C executable cmTC_04e0c
/usr/bin/cmake -E cmake_link_script CMakeFiles/cmTC_04e0c.dir/link.txt --verbose=1
/usr/bin/cc      -rdynamic CMakeFiles/cmTC_04e0c.dir/CheckSymbolExists.c.o  -o cmTC_04e0c 
CMakeFiles/cmTC_04e0c.dir/CheckSymbolExists.c.o: In function `main':
CheckSymbolExists.c:(.text+0x1b): undefined reference to `pthread_create'
collect2: error: ld returned 1 exit status
CMakeFiles/cmTC_04e0c.dir/build.make:97: recipe for target 'cmTC_04e0c' failed
make[1]: *** [cmTC_04e0c] Error 1
make[1]: Leaving directory '/root/workspace/catkin_ws/flightmare_ws/build/quadrotor_common/CMakeFiles/CMakeTmp'
Makefile:126: recipe for target 'cmTC_04e0c/fast' failed
make: *** [cmTC_04e0c/fast] Error 2

File /root/workspace/catkin_ws/flightmare_ws/build/quadrotor_common/CMakeFiles/CMakeTmp/CheckSymbolExists.c:
/* */
#include <pthread.h>

int main(int argc, char** argv)
{
  (void)argv;
#ifndef pthread_create
  return ((int*)(&pthread_create))[argc];
#else
  (void)argc;
  return 0;
#endif
}

Determining if the function pthread_create exists in the pthreads failed with the following output:
Change Dir: /root/workspace/catkin_ws/flightmare_ws/build/quadrotor_common/CMakeFiles/CMakeTmp

Run Build Command:"/usr/bin/make" "cmTC_22241/fast"
/usr/bin/make -f CMakeFiles/cmTC_22241.dir/build.make CMakeFiles/cmTC_22241.dir/build
make[1]: Entering directory '/root/workspace/catkin_ws/flightmare_ws/build/quadrotor_common/CMakeFiles/CMakeTmp'
Building C object CMakeFiles/cmTC_22241.dir/CheckFunctionExists.c.o
/usr/bin/cc   -DCHECK_FUNCTION_EXISTS=pthread_create   -o CMakeFiles/cmTC_22241.dir/CheckFunctionExists.c.o   -c /usr/share/cmake-3.10/Modules/CheckFunctionExists.c
Linking C executable cmTC_22241
/usr/bin/cmake -E cmake_link_script CMakeFiles/cmTC_22241.dir/link.txt --verbose=1
/usr/bin/cc  -DCHECK_FUNCTION_EXISTS=pthread_create    -rdynamic CMakeFiles/cmTC_22241.dir/CheckFunctionExists.c.o  -o cmTC_22241 -lpthreads 
/usr/bin/ld: cannot find -lpthreads
collect2: error: ld returned 1 exit status
CMakeFiles/cmTC_22241.dir/build.make:97: recipe for target 'cmTC_22241' failed
make[1]: *** [cmTC_22241] Error 1
make[1]: Leaving directory '/root/workspace/catkin_ws/flightmare_ws/build/quadrotor_common/CMakeFiles/CMakeTmp'
Makefile:126: recipe for target 'cmTC_22241/fast' failed
make: *** [cmTC_22241/fast] Error 2


