Not searching for unused variables given on the command line.
[36m--[0m ======================  !Flightmare!  ======================
[36m--[0m ======> Setup Dependencies
[36m--[0m Using system provided Eigen.
[36m--[0m Eigen3 include dir: /usr/include/eigen3
/usr/include/eigen3
[36m--[0m Getting Pybind11...
[36m--[0m Pybind11 downloaded!
[36m--[0m pybind11 v2.6.1
[36m--[0m Getting yaml-cpp...
[36m--[0m Yaml downloaded!
[36m--[0m Found OpenMP_C: -fopenmp
[36m--[0m Found OpenMP_CXX: -fopenmp
[36m--[0m Found OpenMP: TRUE
[36m--[0m ======> Setup Compilation
[36m--[0m Enabling fast optimization flags!
[36m--[0m The activated CXX RELEASE configuration is:
  -fPIC -Wall -DNDEBUG  -fopenmp  -Ofast  -march=native
[36m--[0m The activated CXX DEBUG configuration is:
  -fPIC -Wall -g -fopenmp
[36m--[0m ======>  Setup Build
[36m--[0m ======>  Building with -- catkin --
[36m--[0m Using CATKIN_DEVEL_PREFIX: /root/workspace/catkin_ws/flightmare_ws/devel
[36m--[0m Using CMAKE_PREFIX_PATH: /root/workspace/catkin_ws/flightmare_ws/devel;/opt/ros/melodic
[36m--[0m This workspace overlays: /root/workspace/catkin_ws/flightmare_ws/devel;/opt/ros/melodic
[36m--[0m Found PythonInterp: /usr/bin/python3.6 (found suitable version "3.6.9", minimum required is "3.6.9")
[36m--[0m Using PYTHON_EXECUTABLE: /usr/bin/python3.6
[36m--[0m Using Debian Python package layout
[36m--[0m Using empy: /usr/bin/empy
[36m--[0m Using CATKIN_ENABLE_TESTING: ON
[36m--[0m Call enable_testing()
[36m--[0m Using CATKIN_TEST_RESULTS_DIR: /root/workspace/catkin_ws/flightmare_ws/build/flightlib/test_results
[36m--[0m Found gtest sources under '/usr/src/googletest': gtests will be built
[36m--[0m Found gmock sources under '/usr/src/googletest': gmock will be built
CMake Warning (dev) at /usr/src/googletest/CMakeLists.txt:3 (project):
  Policy CMP0048 is not set: project() command manages VERSION variables.
  Run "cmake --help-policy CMP0048" for policy details.  Use the cmake_policy
  command to set the policy and suppress this warning.

  The following variable(s) would be set to empty:

    PROJECT_VERSION
    PROJECT_VERSION_MAJOR
    PROJECT_VERSION_MINOR
    PROJECT_VERSION_PATCH
This warning is for project developers.  Use -Wno-dev to suppress it.

CMake Warning (dev) at /usr/src/googletest/googlemock/CMakeLists.txt:40 (project):
  Policy CMP0048 is not set: project() command manages VERSION variables.
  Run "cmake --help-policy CMP0048" for policy details.  Use the cmake_policy
  command to set the policy and suppress this warning.

  The following variable(s) would be set to empty:

    PROJECT_VERSION
    PROJECT_VERSION_MAJOR
    PROJECT_VERSION_MINOR
    PROJECT_VERSION_PATCH
This warning is for project developers.  Use -Wno-dev to suppress it.

CMake Warning (dev) at /usr/src/googletest/googletest/CMakeLists.txt:47 (project):
  Policy CMP0048 is not set: project() command manages VERSION variables.
  Run "cmake --help-policy CMP0048" for policy details.  Use the cmake_policy
  command to set the policy and suppress this warning.

  The following variable(s) would be set to empty:

    PROJECT_VERSION
    PROJECT_VERSION_MAJOR
    PROJECT_VERSION_MINOR
    PROJECT_VERSION_PATCH
This warning is for project developers.  Use -Wno-dev to suppress it.

[36m--[0m Found PythonInterp: /usr/bin/python3.6 (found version "3.6.9")
[36m--[0m Using Python nosetests: /usr/bin/nosetests
[36m--[0m catkin 0.7.29
[36m--[0m BUILD_SHARED_LIBS is on
[36m--[0m Marking SHARED_LIBRARY "flightlib" of package "flightlib" for installation
[36m--[0m Marking HEADER FILES in "include" folder of package "flightlib" for installation
[36m--[0m Configuring done
[36m--[0m Generating done
[36m--[0m Build files have been written to: /root/workspace/catkin_ws/flightmare_ws/build/flightlib
