[  0%] Built target topic_tools_generate_messages_lisp
[  0%] Built target mav_msgs_generate_messages_py
[  0%] Built target tf2_msgs_generate_messages_cpp
[  0%] Built target topic_tools_generate_messages_nodejs
[  0%] Built target rotors_comm_generate_messages_py
[  0%] Built target rotors_comm_generate_messages_lisp
[  0%] Built target rotors_comm_generate_messages_cpp
[  0%] Built target topic_tools_generate_messages_eus
[  0%] Built target rotors_comm_generate_messages_eus
[  0%] Built target topic_tools_generate_messages_cpp
[  0%] Built target octomap_msgs_generate_messages_eus
[  0%] Built target octomap_msgs_generate_messages_cpp
[ 65%] Built target mav_msgs
[ 65%] Built target sensor_msgs_generate_messages_nodejs
[ 65%] Built target mav_msgs_generate_messages_eus
[ 65%] Built target mav_msgs_generate_messages_nodejs
[ 65%] Built target dynamic_reconfigure_generate_messages_py
[ 65%] Built target std_srvs_generate_messages_cpp
[ 65%] Built target dynamic_reconfigure_generate_messages_nodejs
[ 65%] Built target dynamic_reconfigure_generate_messages_eus
[ 65%] Built target tf2_msgs_generate_messages_nodejs
[ 65%] Built target std_srvs_generate_messages_py
[ 65%] Built target geometry_msgs_generate_messages_py
[ 65%] Built target geometry_msgs_generate_messages_eus
[ 65%] Built target geometry_msgs_generate_messages_lisp
[ 65%] Built target roscpp_generate_messages_cpp
[ 65%] Built target trajectory_msgs_generate_messages_cpp
[ 65%] Built target trajectory_msgs_generate_messages_eus
[ 65%] Built target actionlib_generate_messages_cpp
[ 65%] Built target roscpp_generate_messages_py
[ 65%] Built target gazebo_plugins_gencfg
[ 65%] Built target tf_generate_messages_py
[ 65%] Built target dynamic_reconfigure_generate_messages_cpp
[ 65%] Built target topic_tools_generate_messages_py
[ 65%] Built target sensor_msgs_generate_messages_py
[ 65%] Built target nodelet_generate_messages_py
[ 65%] Built target std_msgs_generate_messages_cpp
[ 65%] Built target actionlib_msgs_generate_messages_nodejs
[ 65%] Built target nav_msgs_generate_messages_nodejs
[ 65%] Built target geometry_msgs_generate_messages_nodejs
[ 65%] Built target trajectory_msgs_generate_messages_py
[ 65%] Built target std_msgs_generate_messages_eus
[ 65%] Built target gazebo_msgs_generate_messages_py
[ 65%] Built target nodelet_generate_messages_cpp
[ 65%] Built target nav_msgs_generate_messages_cpp
[ 65%] Built target sensor_msgs_generate_messages_lisp
[ 65%] Built target rotors_comm_generate_messages_nodejs
[ 65%] Built target std_srvs_generate_messages_nodejs
[ 65%] Built target octomap_msgs_generate_messages_nodejs
[ 65%] Built target gazebo_msgs_generate_messages_eus
[ 65%] Built target bond_generate_messages_py
[ 65%] Built target geometry_msgs_generate_messages_cpp
[ 65%] Built target gazebo_msgs_generate_messages_cpp
[ 65%] Built target actionlib_generate_messages_lisp
[ 65%] Built target dynamic_reconfigure_generate_messages_lisp
[ 65%] Built target std_msgs_generate_messages_nodejs
[ 65%] Built target roscpp_generate_messages_nodejs
[ 65%] Built target bond_generate_messages_lisp
[ 65%] Built target sensor_msgs_generate_messages_cpp
[ 65%] Built target sensor_msgs_generate_messages_eus
[ 65%] Built target std_msgs_generate_messages_lisp
[ 65%] Built target octomap_msgs_generate_messages_lisp
[ 65%] Built target gazebo_msgs_generate_messages_lisp
[ 65%] Built target std_srvs_generate_messages_eus
[ 65%] Built target bond_generate_messages_eus
[ 65%] Built target roscpp_generate_messages_lisp
[ 65%] Built target _catkin_empty_exported_target
[ 65%] Built target std_srvs_generate_messages_lisp
[ 65%] Built target std_msgs_generate_messages_py
[ 65%] Built target rosgraph_msgs_generate_messages_cpp
[ 65%] Built target gazebo_msgs_generate_messages_nodejs
[ 65%] Built target rosgraph_msgs_generate_messages_nodejs
[ 65%] Built target rosgraph_msgs_generate_messages_eus
[ 65%] Built target rosgraph_msgs_generate_messages_lisp
[ 65%] Built target nodelet_generate_messages_eus
[ 65%] Built target nodelet_generate_messages_lisp
[ 65%] Built target roscpp_generate_messages_eus
[ 65%] Built target rosgraph_msgs_generate_messages_py
[ 65%] Built target nodelet_generate_messages_nodejs
[ 65%] Built target actionlib_msgs_generate_messages_eus
[ 65%] Built target trajectory_msgs_generate_messages_lisp
[ 65%] Built target actionlib_msgs_generate_messages_cpp
[ 65%] Built target bond_generate_messages_cpp
[ 65%] Built target tf_generate_messages_eus
[ 65%] Built target bond_generate_messages_nodejs
[ 65%] Built target trajectory_msgs_generate_messages_nodejs
[ 65%] Built target tf2_msgs_generate_messages_eus
[ 65%] Built target nav_msgs_generate_messages_eus
[ 65%] Built target nav_msgs_generate_messages_lisp
[ 65%] Built target dynamic_reconfigure_gencfg
[ 65%] Built target tf2_msgs_generate_messages_lisp
[ 65%] Built target nav_msgs_generate_messages_py
[ 65%] Built target mav_msgs_generate_messages_cpp
[ 65%] Built target octomap_msgs_generate_messages_py
[ 65%] Built target actionlib_msgs_generate_messages_lisp
[ 65%] Built target tf_generate_messages_lisp
[ 65%] Built target tf_generate_messages_cpp
[ 65%] Built target actionlib_msgs_generate_messages_py
[ 65%] Built target mav_msgs_generate_messages_lisp
[ 65%] Built target actionlib_generate_messages_nodejs
[ 65%] Built target actionlib_generate_messages_eus
[ 65%] Built target tf_generate_messages_nodejs
[ 65%] Built target tf2_msgs_generate_messages_py
[ 65%] Built target actionlib_generate_messages_py
[ 65%] [32mBuilding CXX object CMakeFiles/LiftDragPlugin.dir/src/liftdrag_plugin/liftdrag_plugin.cpp.o[0m
[ 66%] [32mBuilding CXX object CMakeFiles/rotors_gazebo_multirotor_base_plugin.dir/src/gazebo_multirotor_base_plugin.cpp.o[0m
[ 67%] [32mBuilding CXX object CMakeFiles/rotors_gazebo_lidar_plugin.dir/src/external/gazebo_lidar_plugin.cpp.o[0m
[ 68%] [32mBuilding CXX object CMakeFiles/rotors_gazebo_magnetometer_plugin.dir/src/gazebo_magnetometer_plugin.cpp.o[0m
[ 68%] [32mBuilding CXX object CMakeFiles/rotors_gazebo_imu_plugin.dir/src/gazebo_imu_plugin.cpp.o[0m
[ 69%] [32mBuilding CXX object CMakeFiles/rotors_gazebo_odometry_plugin.dir/src/gazebo_odometry_plugin.cpp.o[0m
[ 70%] [32mBuilding CXX object CMakeFiles/rotors_gazebo_pressure_plugin.dir/src/gazebo_pressure_plugin.cpp.o[0m
[ 71%] [32mBuilding CXX object CMakeFiles/rotors_gazebo_controller_interface.dir/src/gazebo_controller_interface.cpp.o[0m
[ 73%] [32mBuilding CXX object CMakeFiles/rotors_gazebo_ros_interface_plugin.dir/src/gazebo_ros_interface_plugin.cpp.o[0m
[ 74%] [32mBuilding CXX object CMakeFiles/rotors_gazebo_fw_dynamics_plugin.dir/src/gazebo_fw_dynamics_plugin.cpp.o[0m
[ 75%] [32mBuilding CXX object CMakeFiles/rotors_gazebo_gps_plugin.dir/src/gazebo_gps_plugin.cpp.o[0m
[ 76%] [32mBuilding CXX object CMakeFiles/rotors_gazebo_wind_plugin.dir/src/gazebo_wind_plugin.cpp.o[0m
[ 77%] [32mBuilding CXX object CMakeFiles/rotors_gazebo_bag_plugin.dir/src/gazebo_bag_plugin.cpp.o[0m
[ 78%] [32mBuilding CXX object CMakeFiles/gazebo_geotagged_images_plugin.dir/src/external/gazebo_geotagged_images_plugin.cpp.o[0m
[ 79%] [32mBuilding CXX object CMakeFiles/rotors_gazebo_noisydepth_plugin.dir/src/gazebo_noisydepth_plugin.cpp.o[0m
[35m[1mScanning dependencies of target rotors_gazebo_motor_model[0m
[ 80%] [32mBuilding CXX object CMakeFiles/rotors_gazebo_motor_model.dir/src/gazebo_motor_model.cpp.o[0m
[ 82%] [32m[1mLinking CXX shared library /root/workspace/catkin_ws/flightmare_ws/devel/lib/libLiftDragPlugin.so[0m
[ 83%] [32m[1mLinking CXX shared library /root/workspace/catkin_ws/flightmare_ws/devel/lib/librotors_gazebo_multirotor_base_plugin.so[0m
[ 84%] [32m[1mLinking CXX shared library /root/workspace/catkin_ws/flightmare_ws/devel/lib/librotors_gazebo_magnetometer_plugin.so[0m
[ 84%] Built target LiftDragPlugin
[ 85%] [32mBuilding CXX object CMakeFiles/rotors_gazebo_noisydepth_plugin.dir/src/depth_noise_model.cpp.o[0m
[ 86%] [32m[1mLinking CXX shared library /root/workspace/catkin_ws/flightmare_ws/devel/lib/librotors_gazebo_lidar_plugin.so[0m
[ 87%] [32m[1mLinking CXX shared library /root/workspace/catkin_ws/flightmare_ws/devel/lib/librotors_gazebo_pressure_plugin.so[0m
[ 88%] [32m[1mLinking CXX shared library /root/workspace/catkin_ws/flightmare_ws/devel/lib/librotors_gazebo_gps_plugin.so[0m
[ 89%] [32m[1mLinking CXX shared library /root/workspace/catkin_ws/flightmare_ws/devel/lib/librotors_gazebo_imu_plugin.so[0m
[ 89%] Built target rotors_gazebo_multirotor_base_plugin
[ 91%] [32m[1mLinking CXX shared library /root/workspace/catkin_ws/flightmare_ws/devel/lib/librotors_gazebo_controller_interface.so[0m
[ 92%] [32m[1mLinking CXX shared library /root/workspace/catkin_ws/flightmare_ws/devel/lib/librotors_gazebo_wind_plugin.so[0m
[ 92%] Built target rotors_gazebo_magnetometer_plugin
[ 92%] Built target rotors_gazebo_pressure_plugin
[ 92%] Built target rotors_gazebo_lidar_plugin
[ 92%] Built target rotors_gazebo_gps_plugin
[ 92%] Built target rotors_gazebo_imu_plugin
[ 92%] Built target rotors_gazebo_controller_interface
[ 92%] Built target rotors_gazebo_wind_plugin
[ 93%] [32m[1mLinking CXX shared library /root/workspace/catkin_ws/flightmare_ws/devel/lib/librotors_gazebo_odometry_plugin.so[0m
[ 94%] [32m[1mLinking CXX shared library /root/workspace/catkin_ws/flightmare_ws/devel/lib/librotors_gazebo_fw_dynamics_plugin.so[0m
[ 94%] Built target rotors_gazebo_odometry_plugin
[ 94%] Built target rotors_gazebo_fw_dynamics_plugin
[01m[K/root/workspace/catkin_ws/flightmare_ws/src/rotors_simulator/rotors_gazebo_plugins/src/external/gazebo_geotagged_images_plugin.cpp:[m[K In member function ‘[01m[Kvoid gazebo::GeotaggedImagesPlugin::OnNewFrame(const unsigned char*)[m[K’:
[01m[K/root/workspace/catkin_ws/flightmare_ws/src/rotors_simulator/rotors_gazebo_plugins/src/external/gazebo_geotagged_images_plugin.cpp:174:9:[m[K [01;35m[Kwarning: [m[Kignoring return value of ‘[01m[Kint system(const char*)[m[K’, declared with attribute warn_unused_result [[01;35m[K-Wunused-result[m[K]
   [01;35m[Ksystem(gps_tag_command)[m[K;
   [01;35m[K~~~~~~^~~~~~~~~~~~~~~~~[m[K
[ 95%] [32m[1mLinking CXX shared library /root/workspace/catkin_ws/flightmare_ws/devel/lib/librotors_gazebo_bag_plugin.so[0m
[ 96%] [32m[1mLinking CXX shared library /root/workspace/catkin_ws/flightmare_ws/devel/lib/libgazebo_geotagged_images_plugin.so[0m
[ 97%] [32m[1mLinking CXX shared library /root/workspace/catkin_ws/flightmare_ws/devel/lib/librotors_gazebo_noisydepth_plugin.so[0m
[ 97%] Built target rotors_gazebo_noisydepth_plugin
[ 97%] Built target rotors_gazebo_bag_plugin
[ 97%] Built target gazebo_geotagged_images_plugin
[ 98%] [32m[1mLinking CXX shared library /root/workspace/catkin_ws/flightmare_ws/devel/lib/librotors_gazebo_motor_model.so[0m
[ 98%] Built target rotors_gazebo_motor_model
[100%] [32m[1mLinking CXX shared library /root/workspace/catkin_ws/flightmare_ws/devel/lib/librotors_gazebo_ros_interface_plugin.so[0m
[100%] Built target rotors_gazebo_ros_interface_plugin
