Determining if the pthread_create exist failed with the following output:
Change Dir: /root/workspace/catkin_ws/flightmare_ws/build/sbus_bridge/CMakeFiles/CMakeTmp

Run Build Command:"/usr/bin/make" "cmTC_d537c/fast"
/usr/bin/make -f CMakeFiles/cmTC_d537c.dir/build.make CMakeFiles/cmTC_d537c.dir/build
make[1]: Entering directory '/root/workspace/catkin_ws/flightmare_ws/build/sbus_bridge/CMakeFiles/CMakeTmp'
Building C object CMakeFiles/cmTC_d537c.dir/CheckSymbolExists.c.o
/usr/bin/cc    -o CMakeFiles/cmTC_d537c.dir/CheckSymbolExists.c.o   -c /root/workspace/catkin_ws/flightmare_ws/build/sbus_bridge/CMakeFiles/CMakeTmp/CheckSymbolExists.c
Linking C executable cmTC_d537c
/usr/bin/cmake -E cmake_link_script CMakeFiles/cmTC_d537c.dir/link.txt --verbose=1
/usr/bin/cc      -rdynamic CMakeFiles/cmTC_d537c.dir/CheckSymbolExists.c.o  -o cmTC_d537c 
CMakeFiles/cmTC_d537c.dir/CheckSymbolExists.c.o: In function `main':
CheckSymbolExists.c:(.text+0x1b): undefined reference to `pthread_create'
collect2: error: ld returned 1 exit status
CMakeFiles/cmTC_d537c.dir/build.make:97: recipe for target 'cmTC_d537c' failed
make[1]: *** [cmTC_d537c] Error 1
make[1]: Leaving directory '/root/workspace/catkin_ws/flightmare_ws/build/sbus_bridge/CMakeFiles/CMakeTmp'
Makefile:126: recipe for target 'cmTC_d537c/fast' failed
make: *** [cmTC_d537c/fast] Error 2

File /root/workspace/catkin_ws/flightmare_ws/build/sbus_bridge/CMakeFiles/CMakeTmp/CheckSymbolExists.c:
/* */
#include <pthread.h>

int main(int argc, char** argv)
{
  (void)argv;
#ifndef pthread_create
  return ((int*)(&pthread_create))[argc];
#else
  (void)argc;
  return 0;
#endif
}

Determining if the function pthread_create exists in the pthreads failed with the following output:
Change Dir: /root/workspace/catkin_ws/flightmare_ws/build/sbus_bridge/CMakeFiles/CMakeTmp

Run Build Command:"/usr/bin/make" "cmTC_8dbfa/fast"
/usr/bin/make -f CMakeFiles/cmTC_8dbfa.dir/build.make CMakeFiles/cmTC_8dbfa.dir/build
make[1]: Entering directory '/root/workspace/catkin_ws/flightmare_ws/build/sbus_bridge/CMakeFiles/CMakeTmp'
Building C object CMakeFiles/cmTC_8dbfa.dir/CheckFunctionExists.c.o
/usr/bin/cc   -DCHECK_FUNCTION_EXISTS=pthread_create   -o CMakeFiles/cmTC_8dbfa.dir/CheckFunctionExists.c.o   -c /usr/share/cmake-3.10/Modules/CheckFunctionExists.c
Linking C executable cmTC_8dbfa
/usr/bin/cmake -E cmake_link_script CMakeFiles/cmTC_8dbfa.dir/link.txt --verbose=1
/usr/bin/cc  -DCHECK_FUNCTION_EXISTS=pthread_create    -rdynamic CMakeFiles/cmTC_8dbfa.dir/CheckFunctionExists.c.o  -o cmTC_8dbfa -lpthreads 
/usr/bin/ld: cannot find -lpthreads
collect2: error: ld returned 1 exit status
CMakeFiles/cmTC_8dbfa.dir/build.make:97: recipe for target 'cmTC_8dbfa' failed
make[1]: *** [cmTC_8dbfa] Error 1
make[1]: Leaving directory '/root/workspace/catkin_ws/flightmare_ws/build/sbus_bridge/CMakeFiles/CMakeTmp'
Makefile:126: recipe for target 'cmTC_8dbfa/fast' failed
make: *** [cmTC_8dbfa/fast] Error 2


