Determining if the pthread_create exist failed with the following output:
Change Dir: /root/workspace/catkin_ws/flightmare_ws/build/state_predictor/CMakeFiles/CMakeTmp

Run Build Command:"/usr/bin/make" "cmTC_80766/fast"
/usr/bin/make -f CMakeFiles/cmTC_80766.dir/build.make CMakeFiles/cmTC_80766.dir/build
make[1]: Entering directory '/root/workspace/catkin_ws/flightmare_ws/build/state_predictor/CMakeFiles/CMakeTmp'
Building C object CMakeFiles/cmTC_80766.dir/CheckSymbolExists.c.o
/usr/bin/cc    -o CMakeFiles/cmTC_80766.dir/CheckSymbolExists.c.o   -c /root/workspace/catkin_ws/flightmare_ws/build/state_predictor/CMakeFiles/CMakeTmp/CheckSymbolExists.c
Linking C executable cmTC_80766
/usr/bin/cmake -E cmake_link_script CMakeFiles/cmTC_80766.dir/link.txt --verbose=1
/usr/bin/cc      -rdynamic CMakeFiles/cmTC_80766.dir/CheckSymbolExists.c.o  -o cmTC_80766 
CMakeFiles/cmTC_80766.dir/CheckSymbolExists.c.o: In function `main':
CheckSymbolExists.c:(.text+0x1b): undefined reference to `pthread_create'
collect2: error: ld returned 1 exit status
CMakeFiles/cmTC_80766.dir/build.make:97: recipe for target 'cmTC_80766' failed
make[1]: *** [cmTC_80766] Error 1
make[1]: Leaving directory '/root/workspace/catkin_ws/flightmare_ws/build/state_predictor/CMakeFiles/CMakeTmp'
Makefile:126: recipe for target 'cmTC_80766/fast' failed
make: *** [cmTC_80766/fast] Error 2

File /root/workspace/catkin_ws/flightmare_ws/build/state_predictor/CMakeFiles/CMakeTmp/CheckSymbolExists.c:
/* */
#include <pthread.h>

int main(int argc, char** argv)
{
  (void)argv;
#ifndef pthread_create
  return ((int*)(&pthread_create))[argc];
#else
  (void)argc;
  return 0;
#endif
}

Determining if the function pthread_create exists in the pthreads failed with the following output:
Change Dir: /root/workspace/catkin_ws/flightmare_ws/build/state_predictor/CMakeFiles/CMakeTmp

Run Build Command:"/usr/bin/make" "cmTC_8e676/fast"
/usr/bin/make -f CMakeFiles/cmTC_8e676.dir/build.make CMakeFiles/cmTC_8e676.dir/build
make[1]: Entering directory '/root/workspace/catkin_ws/flightmare_ws/build/state_predictor/CMakeFiles/CMakeTmp'
Building C object CMakeFiles/cmTC_8e676.dir/CheckFunctionExists.c.o
/usr/bin/cc   -DCHECK_FUNCTION_EXISTS=pthread_create   -o CMakeFiles/cmTC_8e676.dir/CheckFunctionExists.c.o   -c /usr/share/cmake-3.10/Modules/CheckFunctionExists.c
Linking C executable cmTC_8e676
/usr/bin/cmake -E cmake_link_script CMakeFiles/cmTC_8e676.dir/link.txt --verbose=1
/usr/bin/cc  -DCHECK_FUNCTION_EXISTS=pthread_create    -rdynamic CMakeFiles/cmTC_8e676.dir/CheckFunctionExists.c.o  -o cmTC_8e676 -lpthreads 
/usr/bin/ld: cannot find -lpthreads
collect2: error: ld returned 1 exit status
CMakeFiles/cmTC_8e676.dir/build.make:97: recipe for target 'cmTC_8e676' failed
make[1]: *** [cmTC_8e676] Error 1
make[1]: Leaving directory '/root/workspace/catkin_ws/flightmare_ws/build/state_predictor/CMakeFiles/CMakeTmp'
Makefile:126: recipe for target 'cmTC_8e676/fast' failed
make: *** [cmTC_8e676/fast] Error 2


