Determining if the pthread_create exist failed with the following output:
Change Dir: /root/workspace/catkin_ws/flightmare_ws/build/rotors_control/CMakeFiles/CMakeTmp

Run Build Command:"/usr/bin/make" "cmTC_38381/fast"
/usr/bin/make -f CMakeFiles/cmTC_38381.dir/build.make CMakeFiles/cmTC_38381.dir/build
make[1]: Entering directory '/root/workspace/catkin_ws/flightmare_ws/build/rotors_control/CMakeFiles/CMakeTmp'
Building C object CMakeFiles/cmTC_38381.dir/CheckSymbolExists.c.o
/usr/bin/cc    -o CMakeFiles/cmTC_38381.dir/CheckSymbolExists.c.o   -c /root/workspace/catkin_ws/flightmare_ws/build/rotors_control/CMakeFiles/CMakeTmp/CheckSymbolExists.c
Linking C executable cmTC_38381
/usr/bin/cmake -E cmake_link_script CMakeFiles/cmTC_38381.dir/link.txt --verbose=1
/usr/bin/cc      -rdynamic CMakeFiles/cmTC_38381.dir/CheckSymbolExists.c.o  -o cmTC_38381 
CMakeFiles/cmTC_38381.dir/CheckSymbolExists.c.o: In function `main':
CheckSymbolExists.c:(.text+0x1b): undefined reference to `pthread_create'
collect2: error: ld returned 1 exit status
CMakeFiles/cmTC_38381.dir/build.make:97: recipe for target 'cmTC_38381' failed
make[1]: *** [cmTC_38381] Error 1
make[1]: Leaving directory '/root/workspace/catkin_ws/flightmare_ws/build/rotors_control/CMakeFiles/CMakeTmp'
Makefile:126: recipe for target 'cmTC_38381/fast' failed
make: *** [cmTC_38381/fast] Error 2

File /root/workspace/catkin_ws/flightmare_ws/build/rotors_control/CMakeFiles/CMakeTmp/CheckSymbolExists.c:
/* */
#include <pthread.h>

int main(int argc, char** argv)
{
  (void)argv;
#ifndef pthread_create
  return ((int*)(&pthread_create))[argc];
#else
  (void)argc;
  return 0;
#endif
}

Determining if the function pthread_create exists in the pthreads failed with the following output:
Change Dir: /root/workspace/catkin_ws/flightmare_ws/build/rotors_control/CMakeFiles/CMakeTmp

Run Build Command:"/usr/bin/make" "cmTC_cd42b/fast"
/usr/bin/make -f CMakeFiles/cmTC_cd42b.dir/build.make CMakeFiles/cmTC_cd42b.dir/build
make[1]: Entering directory '/root/workspace/catkin_ws/flightmare_ws/build/rotors_control/CMakeFiles/CMakeTmp'
Building C object CMakeFiles/cmTC_cd42b.dir/CheckFunctionExists.c.o
/usr/bin/cc   -DCHECK_FUNCTION_EXISTS=pthread_create   -o CMakeFiles/cmTC_cd42b.dir/CheckFunctionExists.c.o   -c /usr/share/cmake-3.10/Modules/CheckFunctionExists.c
Linking C executable cmTC_cd42b
/usr/bin/cmake -E cmake_link_script CMakeFiles/cmTC_cd42b.dir/link.txt --verbose=1
/usr/bin/cc  -DCHECK_FUNCTION_EXISTS=pthread_create    -rdynamic CMakeFiles/cmTC_cd42b.dir/CheckFunctionExists.c.o  -o cmTC_cd42b -lpthreads 
/usr/bin/ld: cannot find -lpthreads
collect2: error: ld returned 1 exit status
CMakeFiles/cmTC_cd42b.dir/build.make:97: recipe for target 'cmTC_cd42b' failed
make[1]: *** [cmTC_cd42b] Error 1
make[1]: Leaving directory '/root/workspace/catkin_ws/flightmare_ws/build/rotors_control/CMakeFiles/CMakeTmp'
Makefile:126: recipe for target 'cmTC_cd42b/fast' failed
make: *** [cmTC_cd42b/fast] Error 2


