Determining if the pthread_create exist failed with the following output:
Change Dir: /root/workspace/catkin_ws/flightmare_ws/build/quad_launch_files/CMakeFiles/CMakeTmp

Run Build Command:"/usr/bin/make" "cmTC_f517c/fast"
/usr/bin/make -f CMakeFiles/cmTC_f517c.dir/build.make CMakeFiles/cmTC_f517c.dir/build
make[1]: Entering directory '/root/workspace/catkin_ws/flightmare_ws/build/quad_launch_files/CMakeFiles/CMakeTmp'
Building C object CMakeFiles/cmTC_f517c.dir/CheckSymbolExists.c.o
/usr/bin/cc    -o CMakeFiles/cmTC_f517c.dir/CheckSymbolExists.c.o   -c /root/workspace/catkin_ws/flightmare_ws/build/quad_launch_files/CMakeFiles/CMakeTmp/CheckSymbolExists.c
Linking C executable cmTC_f517c
/usr/bin/cmake -E cmake_link_script CMakeFiles/cmTC_f517c.dir/link.txt --verbose=1
/usr/bin/cc      -rdynamic CMakeFiles/cmTC_f517c.dir/CheckSymbolExists.c.o  -o cmTC_f517c 
CMakeFiles/cmTC_f517c.dir/CheckSymbolExists.c.o: In function `main':
CheckSymbolExists.c:(.text+0x1b): undefined reference to `pthread_create'
collect2: error: ld returned 1 exit status
CMakeFiles/cmTC_f517c.dir/build.make:97: recipe for target 'cmTC_f517c' failed
make[1]: *** [cmTC_f517c] Error 1
make[1]: Leaving directory '/root/workspace/catkin_ws/flightmare_ws/build/quad_launch_files/CMakeFiles/CMakeTmp'
Makefile:126: recipe for target 'cmTC_f517c/fast' failed
make: *** [cmTC_f517c/fast] Error 2

File /root/workspace/catkin_ws/flightmare_ws/build/quad_launch_files/CMakeFiles/CMakeTmp/CheckSymbolExists.c:
/* */
#include <pthread.h>

int main(int argc, char** argv)
{
  (void)argv;
#ifndef pthread_create
  return ((int*)(&pthread_create))[argc];
#else
  (void)argc;
  return 0;
#endif
}

Determining if the function pthread_create exists in the pthreads failed with the following output:
Change Dir: /root/workspace/catkin_ws/flightmare_ws/build/quad_launch_files/CMakeFiles/CMakeTmp

Run Build Command:"/usr/bin/make" "cmTC_ba1cf/fast"
/usr/bin/make -f CMakeFiles/cmTC_ba1cf.dir/build.make CMakeFiles/cmTC_ba1cf.dir/build
make[1]: Entering directory '/root/workspace/catkin_ws/flightmare_ws/build/quad_launch_files/CMakeFiles/CMakeTmp'
Building C object CMakeFiles/cmTC_ba1cf.dir/CheckFunctionExists.c.o
/usr/bin/cc   -DCHECK_FUNCTION_EXISTS=pthread_create   -o CMakeFiles/cmTC_ba1cf.dir/CheckFunctionExists.c.o   -c /usr/share/cmake-3.10/Modules/CheckFunctionExists.c
Linking C executable cmTC_ba1cf
/usr/bin/cmake -E cmake_link_script CMakeFiles/cmTC_ba1cf.dir/link.txt --verbose=1
/usr/bin/cc  -DCHECK_FUNCTION_EXISTS=pthread_create    -rdynamic CMakeFiles/cmTC_ba1cf.dir/CheckFunctionExists.c.o  -o cmTC_ba1cf -lpthreads 
/usr/bin/ld: cannot find -lpthreads
collect2: error: ld returned 1 exit status
CMakeFiles/cmTC_ba1cf.dir/build.make:97: recipe for target 'cmTC_ba1cf' failed
make[1]: *** [cmTC_ba1cf] Error 1
make[1]: Leaving directory '/root/workspace/catkin_ws/flightmare_ws/build/quad_launch_files/CMakeFiles/CMakeTmp'
Makefile:126: recipe for target 'cmTC_ba1cf/fast' failed
make: *** [cmTC_ba1cf/fast] Error 2


