Determining if the pthread_create exist failed with the following output:
Change Dir: /root/workspace/catkin_ws/flightmare_ws/build/rqt_quad_gui/CMakeFiles/CMakeTmp

Run Build Command:"/usr/bin/make" "cmTC_2babc/fast"
/usr/bin/make -f CMakeFiles/cmTC_2babc.dir/build.make CMakeFiles/cmTC_2babc.dir/build
make[1]: Entering directory '/root/workspace/catkin_ws/flightmare_ws/build/rqt_quad_gui/CMakeFiles/CMakeTmp'
Building C object CMakeFiles/cmTC_2babc.dir/CheckSymbolExists.c.o
/usr/bin/cc    -o CMakeFiles/cmTC_2babc.dir/CheckSymbolExists.c.o   -c /root/workspace/catkin_ws/flightmare_ws/build/rqt_quad_gui/CMakeFiles/CMakeTmp/CheckSymbolExists.c
Linking C executable cmTC_2babc
/usr/bin/cmake -E cmake_link_script CMakeFiles/cmTC_2babc.dir/link.txt --verbose=1
/usr/bin/cc      -rdynamic CMakeFiles/cmTC_2babc.dir/CheckSymbolExists.c.o  -o cmTC_2babc 
CMakeFiles/cmTC_2babc.dir/CheckSymbolExists.c.o: In function `main':
CheckSymbolExists.c:(.text+0x1b): undefined reference to `pthread_create'
collect2: error: ld returned 1 exit status
CMakeFiles/cmTC_2babc.dir/build.make:97: recipe for target 'cmTC_2babc' failed
make[1]: *** [cmTC_2babc] Error 1
make[1]: Leaving directory '/root/workspace/catkin_ws/flightmare_ws/build/rqt_quad_gui/CMakeFiles/CMakeTmp'
Makefile:126: recipe for target 'cmTC_2babc/fast' failed
make: *** [cmTC_2babc/fast] Error 2

File /root/workspace/catkin_ws/flightmare_ws/build/rqt_quad_gui/CMakeFiles/CMakeTmp/CheckSymbolExists.c:
/* */
#include <pthread.h>

int main(int argc, char** argv)
{
  (void)argv;
#ifndef pthread_create
  return ((int*)(&pthread_create))[argc];
#else
  (void)argc;
  return 0;
#endif
}

Determining if the function pthread_create exists in the pthreads failed with the following output:
Change Dir: /root/workspace/catkin_ws/flightmare_ws/build/rqt_quad_gui/CMakeFiles/CMakeTmp

Run Build Command:"/usr/bin/make" "cmTC_f1793/fast"
/usr/bin/make -f CMakeFiles/cmTC_f1793.dir/build.make CMakeFiles/cmTC_f1793.dir/build
make[1]: Entering directory '/root/workspace/catkin_ws/flightmare_ws/build/rqt_quad_gui/CMakeFiles/CMakeTmp'
Building C object CMakeFiles/cmTC_f1793.dir/CheckFunctionExists.c.o
/usr/bin/cc   -DCHECK_FUNCTION_EXISTS=pthread_create   -o CMakeFiles/cmTC_f1793.dir/CheckFunctionExists.c.o   -c /usr/share/cmake-3.10/Modules/CheckFunctionExists.c
Linking C executable cmTC_f1793
/usr/bin/cmake -E cmake_link_script CMakeFiles/cmTC_f1793.dir/link.txt --verbose=1
/usr/bin/cc  -DCHECK_FUNCTION_EXISTS=pthread_create    -rdynamic CMakeFiles/cmTC_f1793.dir/CheckFunctionExists.c.o  -o cmTC_f1793 -lpthreads 
/usr/bin/ld: cannot find -lpthreads
collect2: error: ld returned 1 exit status
CMakeFiles/cmTC_f1793.dir/build.make:97: recipe for target 'cmTC_f1793' failed
make[1]: *** [cmTC_f1793] Error 1
make[1]: Leaving directory '/root/workspace/catkin_ws/flightmare_ws/build/rqt_quad_gui/CMakeFiles/CMakeTmp'
Makefile:126: recipe for target 'cmTC_f1793/fast' failed
make: *** [cmTC_f1793/fast] Error 2


