Determining if the pthread_create exist failed with the following output:
Change Dir: /root/workspace/catkin_ws/flightmare_ws/build/mav_comm/CMakeFiles/CMakeTmp

Run Build Command:"/usr/bin/make" "cmTC_ac332/fast"
/usr/bin/make -f CMakeFiles/cmTC_ac332.dir/build.make CMakeFiles/cmTC_ac332.dir/build
make[1]: Entering directory '/root/workspace/catkin_ws/flightmare_ws/build/mav_comm/CMakeFiles/CMakeTmp'
Building C object CMakeFiles/cmTC_ac332.dir/CheckSymbolExists.c.o
/usr/bin/cc    -o CMakeFiles/cmTC_ac332.dir/CheckSymbolExists.c.o   -c /root/workspace/catkin_ws/flightmare_ws/build/mav_comm/CMakeFiles/CMakeTmp/CheckSymbolExists.c
Linking C executable cmTC_ac332
/usr/bin/cmake -E cmake_link_script CMakeFiles/cmTC_ac332.dir/link.txt --verbose=1
/usr/bin/cc      -rdynamic CMakeFiles/cmTC_ac332.dir/CheckSymbolExists.c.o  -o cmTC_ac332 
CMakeFiles/cmTC_ac332.dir/CheckSymbolExists.c.o: In function `main':
CheckSymbolExists.c:(.text+0x1b): undefined reference to `pthread_create'
collect2: error: ld returned 1 exit status
CMakeFiles/cmTC_ac332.dir/build.make:97: recipe for target 'cmTC_ac332' failed
make[1]: *** [cmTC_ac332] Error 1
make[1]: Leaving directory '/root/workspace/catkin_ws/flightmare_ws/build/mav_comm/CMakeFiles/CMakeTmp'
Makefile:126: recipe for target 'cmTC_ac332/fast' failed
make: *** [cmTC_ac332/fast] Error 2

File /root/workspace/catkin_ws/flightmare_ws/build/mav_comm/CMakeFiles/CMakeTmp/CheckSymbolExists.c:
/* */
#include <pthread.h>

int main(int argc, char** argv)
{
  (void)argv;
#ifndef pthread_create
  return ((int*)(&pthread_create))[argc];
#else
  (void)argc;
  return 0;
#endif
}

Determining if the function pthread_create exists in the pthreads failed with the following output:
Change Dir: /root/workspace/catkin_ws/flightmare_ws/build/mav_comm/CMakeFiles/CMakeTmp

Run Build Command:"/usr/bin/make" "cmTC_47cb9/fast"
/usr/bin/make -f CMakeFiles/cmTC_47cb9.dir/build.make CMakeFiles/cmTC_47cb9.dir/build
make[1]: Entering directory '/root/workspace/catkin_ws/flightmare_ws/build/mav_comm/CMakeFiles/CMakeTmp'
Building C object CMakeFiles/cmTC_47cb9.dir/CheckFunctionExists.c.o
/usr/bin/cc   -DCHECK_FUNCTION_EXISTS=pthread_create   -o CMakeFiles/cmTC_47cb9.dir/CheckFunctionExists.c.o   -c /usr/share/cmake-3.10/Modules/CheckFunctionExists.c
Linking C executable cmTC_47cb9
/usr/bin/cmake -E cmake_link_script CMakeFiles/cmTC_47cb9.dir/link.txt --verbose=1
/usr/bin/cc  -DCHECK_FUNCTION_EXISTS=pthread_create    -rdynamic CMakeFiles/cmTC_47cb9.dir/CheckFunctionExists.c.o  -o cmTC_47cb9 -lpthreads 
/usr/bin/ld: cannot find -lpthreads
collect2: error: ld returned 1 exit status
CMakeFiles/cmTC_47cb9.dir/build.make:97: recipe for target 'cmTC_47cb9' failed
make[1]: *** [cmTC_47cb9] Error 1
make[1]: Leaving directory '/root/workspace/catkin_ws/flightmare_ws/build/mav_comm/CMakeFiles/CMakeTmp'
Makefile:126: recipe for target 'cmTC_47cb9/fast' failed
make: *** [cmTC_47cb9/fast] Error 2


