[  0%] Built target geometry_msgs_generate_messages_py
[  0%] Built target sensor_msgs_generate_messages_lisp
[  0%] Built target std_msgs_generate_messages_nodejs
[  0%] Built target actionlib_msgs_generate_messages_nodejs
[  0%] Built target roscpp_generate_messages_py
[  0%] Built target nav_msgs_generate_messages_lisp
[  0%] Built target std_msgs_generate_messages_cpp
[  0%] Built target geometry_msgs_generate_messages_lisp
[  0%] Built target roscpp_generate_messages_nodejs
[  0%] Built target trajectory_msgs_generate_messages_nodejs
[  0%] Built target trajectory_msgs_generate_messages_eus
[  0%] Built target std_msgs_generate_messages_lisp
[  0%] Built target geometry_msgs_generate_messages_eus
[  0%] Built target geometry_msgs_generate_messages_nodejs
[  0%] Built target roscpp_generate_messages_lisp
[  0%] Built target nav_msgs_generate_messages_cpp
[  0%] Built target sensor_msgs_generate_messages_nodejs
[  0%] Built target roscpp_generate_messages_cpp
[  0%] Built target std_msgs_generate_messages_py
[  0%] Built target rosgraph_msgs_generate_messages_cpp
[  0%] Built target rosgraph_msgs_generate_messages_eus
[  0%] Built target rosgraph_msgs_generate_messages_lisp
[  0%] Built target sensor_msgs_generate_messages_eus
[  0%] Built target mav_msgs_generate_messages_py
[  0%] Built target std_msgs_generate_messages_eus
[  0%] Built target roscpp_generate_messages_eus
[  0%] Built target actionlib_msgs_generate_messages_eus
[  0%] Built target rosgraph_msgs_generate_messages_py
[  0%] Built target trajectory_msgs_generate_messages_py
[  0%] Built target actionlib_generate_messages_cpp
[  0%] Built target actionlib_msgs_generate_messages_py
[  0%] Built target rosgraph_msgs_generate_messages_nodejs
[  0%] Built target mav_msgs_generate_messages_cpp
[  0%] Built target actionlib_msgs_generate_messages_lisp
[  0%] Built target quadrotor_msgs_generate_messages_lisp
[  0%] Built target trajectory_msgs_generate_messages_cpp
[  0%] Built target quadrotor_msgs_generate_messages_nodejs
[  0%] Built target quadrotor_msgs_generate_messages_py
[  0%] Built target actionlib_msgs_generate_messages_cpp
[  0%] Built target quadrotor_msgs_generate_messages_eus
[  0%] Built target tf_generate_messages_eus
[  0%] Built target tf_generate_messages_nodejs
[  0%] Built target tf_generate_messages_py
[  0%] Built target sensor_msgs_generate_messages_cpp
[  0%] Built target actionlib_generate_messages_eus
[  0%] Built target sensor_msgs_generate_messages_py
[  0%] Built target tf_generate_messages_lisp
[  0%] Built target mav_msgs_generate_messages_lisp
[  0%] Built target actionlib_generate_messages_lisp
[  0%] Built target nav_msgs_generate_messages_nodejs
[  0%] Built target tf_generate_messages_cpp
[  0%] Built target actionlib_generate_messages_nodejs
[  0%] Built target geometry_msgs_generate_messages_cpp
[  0%] Built target nav_msgs_generate_messages_eus
[  0%] Built target tf2_msgs_generate_messages_py
[  0%] Built target tf2_msgs_generate_messages_cpp
[  0%] Built target nav_msgs_generate_messages_py
[  0%] Built target tf2_msgs_generate_messages_lisp
[  0%] Built target actionlib_generate_messages_py
[  0%] Built target tf2_msgs_generate_messages_eus
[  0%] Built target tf2_msgs_generate_messages_nodejs
[  0%] Built target mav_msgs_generate_messages_nodejs
[  0%] Built target mav_msgs_generate_messages_eus
[  0%] Built target quadrotor_msgs_generate_messages_cpp
[  0%] Built target trajectory_msgs_generate_messages_lisp
[ 25%] Built target camera
[ 75%] Built target flight_pilot
[ 75%] Built target racing
[100%] Built target flight_pilot_node
