Determining if the pthread_create exist failed with the following output:
Change Dir: /root/workspace/catkin_ws/flightmare_ws/build/rotors_description/CMakeFiles/CMakeTmp

Run Build Command:"/usr/bin/make" "cmTC_e0301/fast"
/usr/bin/make -f CMakeFiles/cmTC_e0301.dir/build.make CMakeFiles/cmTC_e0301.dir/build
make[1]: Entering directory '/root/workspace/catkin_ws/flightmare_ws/build/rotors_description/CMakeFiles/CMakeTmp'
Building C object CMakeFiles/cmTC_e0301.dir/CheckSymbolExists.c.o
/usr/bin/cc    -o CMakeFiles/cmTC_e0301.dir/CheckSymbolExists.c.o   -c /root/workspace/catkin_ws/flightmare_ws/build/rotors_description/CMakeFiles/CMakeTmp/CheckSymbolExists.c
Linking C executable cmTC_e0301
/usr/bin/cmake -E cmake_link_script CMakeFiles/cmTC_e0301.dir/link.txt --verbose=1
/usr/bin/cc      -rdynamic CMakeFiles/cmTC_e0301.dir/CheckSymbolExists.c.o  -o cmTC_e0301 
CMakeFiles/cmTC_e0301.dir/CheckSymbolExists.c.o: In function `main':
CheckSymbolExists.c:(.text+0x1b): undefined reference to `pthread_create'
collect2: error: ld returned 1 exit status
CMakeFiles/cmTC_e0301.dir/build.make:97: recipe for target 'cmTC_e0301' failed
make[1]: *** [cmTC_e0301] Error 1
make[1]: Leaving directory '/root/workspace/catkin_ws/flightmare_ws/build/rotors_description/CMakeFiles/CMakeTmp'
Makefile:126: recipe for target 'cmTC_e0301/fast' failed
make: *** [cmTC_e0301/fast] Error 2

File /root/workspace/catkin_ws/flightmare_ws/build/rotors_description/CMakeFiles/CMakeTmp/CheckSymbolExists.c:
/* */
#include <pthread.h>

int main(int argc, char** argv)
{
  (void)argv;
#ifndef pthread_create
  return ((int*)(&pthread_create))[argc];
#else
  (void)argc;
  return 0;
#endif
}

Determining if the function pthread_create exists in the pthreads failed with the following output:
Change Dir: /root/workspace/catkin_ws/flightmare_ws/build/rotors_description/CMakeFiles/CMakeTmp

Run Build Command:"/usr/bin/make" "cmTC_a6801/fast"
/usr/bin/make -f CMakeFiles/cmTC_a6801.dir/build.make CMakeFiles/cmTC_a6801.dir/build
make[1]: Entering directory '/root/workspace/catkin_ws/flightmare_ws/build/rotors_description/CMakeFiles/CMakeTmp'
Building C object CMakeFiles/cmTC_a6801.dir/CheckFunctionExists.c.o
/usr/bin/cc   -DCHECK_FUNCTION_EXISTS=pthread_create   -o CMakeFiles/cmTC_a6801.dir/CheckFunctionExists.c.o   -c /usr/share/cmake-3.10/Modules/CheckFunctionExists.c
Linking C executable cmTC_a6801
/usr/bin/cmake -E cmake_link_script CMakeFiles/cmTC_a6801.dir/link.txt --verbose=1
/usr/bin/cc  -DCHECK_FUNCTION_EXISTS=pthread_create    -rdynamic CMakeFiles/cmTC_a6801.dir/CheckFunctionExists.c.o  -o cmTC_a6801 -lpthreads 
/usr/bin/ld: cannot find -lpthreads
collect2: error: ld returned 1 exit status
CMakeFiles/cmTC_a6801.dir/build.make:97: recipe for target 'cmTC_a6801' failed
make[1]: *** [cmTC_a6801] Error 1
make[1]: Leaving directory '/root/workspace/catkin_ws/flightmare_ws/build/rotors_description/CMakeFiles/CMakeTmp'
Makefile:126: recipe for target 'cmTC_a6801/fast' failed
make: *** [cmTC_a6801/fast] Error 2


