Determining if the pthread_create exist failed with the following output:
Change Dir: /root/workspace/catkin_ws/flightmare_ws/build/catkin_simple/CMakeFiles/CMakeTmp

Run Build Command:"/usr/bin/make" "cmTC_13377/fast"
/usr/bin/make -f CMakeFiles/cmTC_13377.dir/build.make CMakeFiles/cmTC_13377.dir/build
make[1]: Entering directory '/root/workspace/catkin_ws/flightmare_ws/build/catkin_simple/CMakeFiles/CMakeTmp'
Building C object CMakeFiles/cmTC_13377.dir/CheckSymbolExists.c.o
/usr/bin/cc    -o CMakeFiles/cmTC_13377.dir/CheckSymbolExists.c.o   -c /root/workspace/catkin_ws/flightmare_ws/build/catkin_simple/CMakeFiles/CMakeTmp/CheckSymbolExists.c
Linking C executable cmTC_13377
/usr/bin/cmake -E cmake_link_script CMakeFiles/cmTC_13377.dir/link.txt --verbose=1
/usr/bin/cc      -rdynamic CMakeFiles/cmTC_13377.dir/CheckSymbolExists.c.o  -o cmTC_13377 
CMakeFiles/cmTC_13377.dir/CheckSymbolExists.c.o: In function `main':
CheckSymbolExists.c:(.text+0x1b): undefined reference to `pthread_create'
collect2: error: ld returned 1 exit status
CMakeFiles/cmTC_13377.dir/build.make:97: recipe for target 'cmTC_13377' failed
make[1]: *** [cmTC_13377] Error 1
make[1]: Leaving directory '/root/workspace/catkin_ws/flightmare_ws/build/catkin_simple/CMakeFiles/CMakeTmp'
Makefile:126: recipe for target 'cmTC_13377/fast' failed
make: *** [cmTC_13377/fast] Error 2

File /root/workspace/catkin_ws/flightmare_ws/build/catkin_simple/CMakeFiles/CMakeTmp/CheckSymbolExists.c:
/* */
#include <pthread.h>

int main(int argc, char** argv)
{
  (void)argv;
#ifndef pthread_create
  return ((int*)(&pthread_create))[argc];
#else
  (void)argc;
  return 0;
#endif
}

Determining if the function pthread_create exists in the pthreads failed with the following output:
Change Dir: /root/workspace/catkin_ws/flightmare_ws/build/catkin_simple/CMakeFiles/CMakeTmp

Run Build Command:"/usr/bin/make" "cmTC_f5b80/fast"
/usr/bin/make -f CMakeFiles/cmTC_f5b80.dir/build.make CMakeFiles/cmTC_f5b80.dir/build
make[1]: Entering directory '/root/workspace/catkin_ws/flightmare_ws/build/catkin_simple/CMakeFiles/CMakeTmp'
Building C object CMakeFiles/cmTC_f5b80.dir/CheckFunctionExists.c.o
/usr/bin/cc   -DCHECK_FUNCTION_EXISTS=pthread_create   -o CMakeFiles/cmTC_f5b80.dir/CheckFunctionExists.c.o   -c /usr/share/cmake-3.10/Modules/CheckFunctionExists.c
Linking C executable cmTC_f5b80
/usr/bin/cmake -E cmake_link_script CMakeFiles/cmTC_f5b80.dir/link.txt --verbose=1
/usr/bin/cc  -DCHECK_FUNCTION_EXISTS=pthread_create    -rdynamic CMakeFiles/cmTC_f5b80.dir/CheckFunctionExists.c.o  -o cmTC_f5b80 -lpthreads 
/usr/bin/ld: cannot find -lpthreads
collect2: error: ld returned 1 exit status
CMakeFiles/cmTC_f5b80.dir/build.make:97: recipe for target 'cmTC_f5b80' failed
make[1]: *** [cmTC_f5b80] Error 1
make[1]: Leaving directory '/root/workspace/catkin_ws/flightmare_ws/build/catkin_simple/CMakeFiles/CMakeTmp'
Makefile:126: recipe for target 'cmTC_f5b80/fast' failed
make: *** [cmTC_f5b80/fast] Error 2


